TN:
SF:src\app.ts
FNF:0
FNH:0
DA:1,1
DA:2,1
DA:3,1
DA:4,1
LF:4
LH:4
BRF:0
BRH:0
end_of_record
TN:
SF:src\auth.ts
FN:13,hashPassword
FN:17,comparePassword
FN:21,sign
FN:26,verify
FNF:4
FNH:3
FNDA:2,hashPassword
FNDA:2,comparePassword
FNDA:3,sign
FNDA:0,verify
DA:1,1
DA:2,1
DA:3,1
DA:4,1
DA:5,1
DA:6,1
DA:7,1
DA:8,1
DA:9,1
DA:10,1
DA:11,1
DA:12,1
DA:13,2
DA:14,2
DA:15,2
DA:16,1
DA:17,2
DA:18,2
DA:19,2
DA:20,1
DA:21,3
DA:22,3
DA:23,3
DA:24,3
DA:25,1
DA:26,0
DA:27,0
DA:28,0
DA:29,1
DA:30,1
LF:30
LH:27
BRDA:13,0,0,2
BRDA:17,1,0,2
BRDA:21,2,0,3
BRF:3
BRH:3
end_of_record
TN:
SF:src\server.ts
FN:1,(empty-report)
FNF:1
FNH:0
FNDA:0,(empty-report)
DA:1,0
DA:2,0
DA:3,0
DA:4,0
DA:5,0
DA:6,0
DA:7,0
DA:8,0
DA:9,0
DA:10,0
DA:11,0
DA:12,0
DA:13,0
DA:14,0
DA:15,0
DA:16,0
DA:17,0
LF:17
LH:0
BRDA:1,0,0,0
BRF:1
BRH:0
end_of_record
TN:
SF:src\controllers\accounts.ts
FN:8,getAccounts
FN:16,getAccount
FN:38,setAccount
FN:65,addAccount
FN:80,loginAccount
FN:101,deleteAccount
FN:118,logoutAccount
FNF:7
FNH:6
FNDA:1,getAccounts
FNDA:1,getAccount
FNDA:1,setAccount
FNDA:1,addAccount
FNDA:2,loginAccount
FNDA:0,deleteAccount
FNDA:1,logoutAccount
DA:1,1
DA:2,1
DA:3,1
DA:4,1
DA:5,1
DA:6,1
DA:7,1
DA:8,1
DA:9,1
DA:10,1
DA:11,1
DA:12,1
DA:13,1
DA:14,1
DA:15,1
DA:16,1
DA:17,1
DA:18,1
DA:19,1
DA:20,1
DA:21,1
DA:22,1
DA:23,1
DA:24,1
DA:25,1
DA:26,0
DA:27,0
DA:28,1
DA:29,1
DA:30,1
DA:31,1
DA:32,1
DA:33,0
DA:34,0
DA:35,0
DA:36,1
DA:37,1
DA:38,1
DA:39,1
DA:40,1
DA:41,1
DA:42,1
DA:43,1
DA:44,1
DA:45,1
DA:46,1
DA:47,1
DA:48,1
DA:49,1
DA:50,1
DA:51,1
DA:52,1
DA:53,1
DA:54,1
DA:55,1
DA:56,1
DA:57,0
DA:58,1
DA:59,1
DA:60,0
DA:61,0
DA:62,0
DA:63,1
DA:64,1
DA:65,1
DA:66,1
DA:67,1
DA:68,1
DA:69,1
DA:70,1
DA:71,1
DA:72,1
DA:73,1
DA:74,1
DA:75,0
DA:76,0
DA:77,0
DA:78,1
DA:79,1
DA:80,2
DA:81,2
DA:82,2
DA:83,2
DA:84,2
DA:85,2
DA:86,2
DA:87,2
DA:88,1
DA:89,1
DA:90,1
DA:91,2
DA:92,1
DA:93,1
DA:94,1
DA:95,2
DA:96,0
DA:97,0
DA:98,0
DA:99,2
DA:100,1
DA:101,0
DA:102,0
DA:103,0
DA:104,0
DA:105,0
DA:106,0
DA:107,0
DA:108,0
DA:109,0
DA:110,0
DA:111,0
DA:112,0
DA:113,0
DA:114,0
DA:115,0
DA:116,0
DA:117,1
DA:118,1
DA:119,1
DA:120,1
DA:121,1
DA:122,1
LF:122
LH:91
BRDA:8,0,0,1
BRDA:10,1,0,1
BRDA:16,2,0,1
BRDA:19,3,0,0
BRDA:22,4,0,0
BRDA:25,5,0,0
BRDA:32,6,0,0
BRDA:38,7,0,1
BRDA:41,8,0,0
BRDA:44,9,0,0
BRDA:56,10,0,0
BRDA:59,11,0,0
BRDA:65,12,0,1
BRDA:74,13,0,0
BRDA:80,14,0,2
BRDA:87,15,0,1
BRDA:92,16,0,1
BRDA:95,17,0,0
BRDA:118,18,0,1
BRF:19
BRH:9
end_of_record
TN:
SF:src\models\account.ts
FN:1,(empty-report)
FNF:1
FNH:0
FNDA:0,(empty-report)
DA:1,0
DA:2,0
DA:3,0
DA:4,0
DA:5,0
DA:6,0
DA:7,0
DA:8,0
DA:9,0
DA:10,0
LF:10
LH:0
BRDA:1,0,0,0
BRF:1
BRH:0
end_of_record
TN:
SF:src\models\accountModel.ts
FNF:0
FNH:0
DA:1,1
DA:2,1
DA:3,1
DA:4,1
DA:5,1
DA:6,1
DA:7,1
DA:8,1
DA:9,1
DA:10,1
DA:11,1
DA:12,1
DA:13,1
DA:14,1
DA:15,1
DA:16,1
DA:17,1
DA:18,1
DA:19,1
DA:20,1
DA:21,1
DA:22,1
DA:23,1
DA:24,1
DA:25,1
DA:26,1
DA:27,1
DA:28,1
DA:29,1
DA:30,1
DA:31,1
DA:32,1
DA:33,1
DA:34,1
DA:35,1
DA:36,1
DA:37,1
DA:38,1
LF:38
LH:38
BRF:0
BRH:0
end_of_record
TN:
SF:src\models\accountRepository.ts
FN:5,findAll
FN:9,findByEmail
FN:13,findById
FN:17,add
FN:21,set
FN:39,remove
FN:43,removeByEmail
FNF:7
FNH:6
FNDA:1,findAll
FNDA:2,findByEmail
FNDA:1,findById
FNDA:3,add
FNDA:1,set
FNDA:0,remove
FNDA:3,removeByEmail
DA:1,1
DA:2,1
DA:3,1
DA:4,1
DA:5,1
DA:6,1
DA:7,1
DA:8,1
DA:9,2
DA:10,2
DA:11,2
DA:12,1
DA:13,1
DA:14,1
DA:15,1
DA:16,1
DA:17,3
DA:18,3
DA:19,3
DA:20,1
DA:21,1
DA:22,1
DA:23,1
DA:24,1
DA:25,1
DA:26,1
DA:27,1
DA:28,1
DA:29,1
DA:30,1
DA:31,1
DA:32,1
DA:33,1
DA:34,1
DA:35,1
DA:36,0
DA:37,0
DA:38,1
DA:39,0
DA:40,0
DA:41,0
DA:42,1
DA:43,3
DA:44,3
DA:45,3
DA:46,1
DA:47,1
LF:47
LH:42
BRDA:5,0,0,1
BRDA:9,1,0,2
BRDA:13,2,0,1
BRDA:17,3,0,3
BRDA:21,4,0,1
BRDA:36,5,0,0
BRDA:43,6,0,3
BRF:7
BRH:6
end_of_record
TN:
SF:src\models\accountSchemas.ts
FNF:0
FNH:0
DA:1,1
DA:2,1
DA:3,1
DA:4,1
DA:5,1
DA:6,1
DA:7,1
DA:8,1
DA:9,1
DA:10,1
DA:11,1
DA:12,1
DA:13,1
DA:14,1
DA:15,1
DA:16,1
DA:17,1
DA:18,1
DA:19,1
DA:20,1
DA:21,1
DA:22,1
DA:23,1
DA:24,1
DA:25,1
DA:26,1
DA:27,1
DA:28,1
DA:29,1
DA:30,1
DA:31,1
DA:32,1
DA:33,1
DA:34,1
DA:35,1
DA:36,1
DA:37,1
DA:38,1
DA:39,1
DA:40,1
DA:41,1
DA:42,1
DA:43,1
DA:44,1
DA:45,1
DA:46,1
DA:47,1
DA:48,1
DA:49,1
DA:50,1
DA:51,1
DA:52,1
DA:53,1
DA:54,1
DA:55,1
DA:56,1
DA:57,1
DA:58,1
DA:59,1
LF:59
LH:59
BRF:0
BRH:0
end_of_record
TN:
SF:src\models\accountStatus.ts
FN:1,(empty-report)
FNF:1
FNH:0
FNDA:0,(empty-report)
DA:1,0
DA:2,0
DA:3,0
DA:4,0
DA:5,0
DA:6,0
LF:6
LH:0
BRDA:1,0,0,0
BRF:1
BRH:0
end_of_record
TN:
SF:src\routes\accounts.ts
FNF:0
FNH:0
DA:1,1
DA:2,1
DA:3,1
DA:4,1
DA:5,1
DA:6,1
DA:7,1
DA:8,1
DA:9,1
DA:10,1
DA:11,1
DA:12,1
DA:13,1
DA:14,1
DA:15,1
DA:16,1
DA:17,1
DA:18,1
DA:19,1
DA:20,1
DA:21,1
LF:21
LH:21
BRF:0
BRH:0
end_of_record
TN:
SF:src\routes\middlewares.ts
FN:7,validateAccountSchema
FN:11,validateUpdateAccountSchema
FN:15,validateloginSchema
FN:19,validateAuthentication
FN:23,validateAuthorization
FNF:5
FNH:5
FNDA:2,validateAccountSchema
FNDA:1,validateUpdateAccountSchema
FNDA:3,validateloginSchema
FNDA:8,validateAuthentication
FNDA:6,validateAuthorization
DA:1,1
DA:2,1
DA:3,1
DA:4,1
DA:5,1
DA:6,1
DA:7,2
DA:8,2
DA:9,2
DA:10,1
DA:11,1
DA:12,1
DA:13,1
DA:14,1
DA:15,3
DA:16,3
DA:17,3
DA:18,1
DA:19,8
DA:20,8
DA:21,8
DA:22,1
DA:23,6
DA:24,6
DA:25,6
DA:26,4
DA:27,4
DA:28,4
DA:29,6
DA:30,2
DA:31,2
DA:32,2
DA:33,1
DA:34,1
LF:34
LH:34
BRDA:7,0,0,2
BRDA:11,1,0,1
BRDA:15,2,0,3
BRDA:19,3,0,8
BRDA:23,4,0,6
BRDA:25,5,0,2
BRDA:26,6,0,4
BRDA:29,7,0,2
BRF:8
BRH:8
end_of_record
